app/build 2/intermediates/manifest_merge_blame_file/debug/manifest-merger-blame-debug-report.txt
1<?xml version="1.0" encoding="utf-8"?>
2<manifest xmlns:android="http://schemas.android.com/apk/res/android"
3    package="com.example.chatapp"
4    android:versionCode="1"
5    android:versionName="1.0" >
6
7    <uses-sdk
8        android:minSdkVersion="26"
8-->src/main/AndroidManifest.xml
9        android:targetSdkVersion="33" />
9-->src/main/AndroidManifest.xml
10
11    <uses-permission android:name="android.permission.INTERNET" />
11-->src/main/AndroidManifest.xml:5:5-67
11-->src/main/AndroidManifest.xml:5:22-64
12    <uses-permission android:name="android.permission.RECEIVE_SMS" />
12-->src/main/AndroidManifest.xml:6:5-70
12-->src/main/AndroidManifest.xml:6:22-67
13    <uses-permission android:name="android.permission.ACCESS_NETWORK_STATE" />
13-->[com.google.firebase:firebase-messaging:23.1.0] AndroidManifest.xml:24:5-79
13-->[com.google.firebase:firebase-messaging:23.1.0] AndroidManifest.xml:24:22-76
14    <uses-permission android:name="android.permission.POST_NOTIFICATIONS" />
14-->[com.google.firebase:firebase-messaging:23.1.0] AndroidManifest.xml:25:5-77
14-->[com.google.firebase:firebase-messaging:23.1.0] AndroidManifest.xml:25:22-74
15    <uses-permission android:name="android.permission.WAKE_LOCK" /> <!-- Required by older versions of Google Play services to create IID tokens -->
15-->[com.google.firebase:firebase-messaging:23.1.0] AndroidManifest.xml:26:5-68
15-->[com.google.firebase:firebase-messaging:23.1.0] AndroidManifest.xml:26:22-65
16    <uses-permission android:name="com.google.android.c2dm.permission.RECEIVE" />
16-->[com.google.firebase:firebase-messaging:23.1.0] AndroidManifest.xml:28:5-82
16-->[com.google.firebase:firebase-messaging:23.1.0] AndroidManifest.xml:28:22-79
17
18    <permission
18-->[androidx.core:core:1.9.0] AndroidManifest.xml:22:5-24:47
19        android:name="com.example.chatapp.DYNAMIC_RECEIVER_NOT_EXPORTED_PERMISSION"
19-->[androidx.core:core:1.9.0] AndroidManifest.xml:23:9-81
20        android:protectionLevel="signature" />
20-->[androidx.core:core:1.9.0] AndroidManifest.xml:24:9-44
21
22    <uses-permission android:name="com.example.chatapp.DYNAMIC_RECEIVER_NOT_EXPORTED_PERMISSION" />
22-->[androidx.core:core:1.9.0] AndroidManifest.xml:26:5-97
22-->[androidx.core:core:1.9.0] AndroidManifest.xml:26:22-94
23
24    <application
24-->src/main/AndroidManifest.xml:8:5-56:19
25        android:allowBackup="true"
25-->src/main/AndroidManifest.xml:9:9-35
26        android:appComponentFactory="androidx.core.app.CoreComponentFactory"
26-->[androidx.core:core:1.9.0] AndroidManifest.xml:28:18-86
27        android:dataExtractionRules="@xml/data_extraction_rules"
27-->src/main/AndroidManifest.xml:10:9-65
28        android:debuggable="true"
29        android:extractNativeLibs="false"
30        android:fullBackupContent="@xml/backup_rules"
30-->src/main/AndroidManifest.xml:11:9-54
31        android:icon="@mipmap/ic_launcher"
31-->src/main/AndroidManifest.xml:12:9-43
32        android:label="Messenger Fake"
32-->src/main/AndroidManifest.xml:13:9-39
33        android:roundIcon="@mipmap/ic_launcher_round"
33-->src/main/AndroidManifest.xml:14:9-54
34        android:supportsRtl="true"
34-->src/main/AndroidManifest.xml:15:9-35
35        android:testOnly="true"
36        android:theme="@style/Theme.Material3.Light" >
36-->src/main/AndroidManifest.xml:16:9-53
37        <activity
37-->src/main/AndroidManifest.xml:18:9-20:40
38            android:name="com.example.chatapp.activities.dashBoard"
38-->src/main/AndroidManifest.xml:19:13-49
39            android:exported="false" />
39-->src/main/AndroidManifest.xml:20:13-37
40        <activity
40-->src/main/AndroidManifest.xml:21:9-23:40
41            android:name="com.example.chatapp.activities.OTP"
41-->src/main/AndroidManifest.xml:22:13-43
42            android:exported="false" />
42-->src/main/AndroidManifest.xml:23:13-37
43        <activity
43-->src/main/AndroidManifest.xml:24:9-27:58
44            android:name="com.example.chatapp.activities.chatActivity"
44-->src/main/AndroidManifest.xml:25:13-52
45            android:exported="false"
45-->src/main/AndroidManifest.xml:26:13-37
46            android:windowSoftInputMode="adjustResize" />
46-->src/main/AndroidManifest.xml:27:13-55
47        <activity
47-->src/main/AndroidManifest.xml:28:9-31:55
48            android:name="com.example.chatapp.activities.UserActivity"
48-->src/main/AndroidManifest.xml:29:13-52
49            android:exported="false"
49-->src/main/AndroidManifest.xml:30:13-37
50            android:windowSoftInputMode="adjustPan" />
50-->src/main/AndroidManifest.xml:31:13-52
51        <activity
51-->src/main/AndroidManifest.xml:32:9-34:40
52            android:name="com.example.chatapp.activities.SignUpActivity"
52-->src/main/AndroidManifest.xml:33:13-54
53            android:exported="false" />
53-->src/main/AndroidManifest.xml:34:13-37
54        <activity
54-->src/main/AndroidManifest.xml:35:9-44:20
55            android:name="com.example.chatapp.activities.SignInActivity"
55-->src/main/AndroidManifest.xml:36:13-54
56            android:exported="true"
56-->src/main/AndroidManifest.xml:37:13-36
57            android:windowSoftInputMode="adjustResize" >
57-->src/main/AndroidManifest.xml:38:13-55
58            <intent-filter>
58-->src/main/AndroidManifest.xml:39:13-43:29
59                <action android:name="android.intent.action.MAIN" />
59-->src/main/AndroidManifest.xml:40:17-69
59-->src/main/AndroidManifest.xml:40:25-66
60
61                <category android:name="android.intent.category.LAUNCHER" />
61-->src/main/AndroidManifest.xml:42:17-77
61-->src/main/AndroidManifest.xml:42:27-74
62            </intent-filter>
63        </activity>
64        <activity
64-->src/main/AndroidManifest.xml:45:9-47:40
65            android:name="com.example.chatapp.activities.MainActivity"
65-->src/main/AndroidManifest.xml:46:13-52
66            android:exported="false" />
66-->src/main/AndroidManifest.xml:47:13-37
67
68        <service
68-->src/main/AndroidManifest.xml:49:9-55:19
69            android:name="com.example.chatapp.firebase.MessaingService"
69-->src/main/AndroidManifest.xml:50:13-53
70            android:exported="false" >
70-->src/main/AndroidManifest.xml:51:13-37
71            <intent-filter>
71-->src/main/AndroidManifest.xml:52:13-54:29
72                <action android:name="com.google.firebase.MESSAGING_EVENT" />
72-->src/main/AndroidManifest.xml:53:17-78
72-->src/main/AndroidManifest.xml:53:25-75
73            </intent-filter>
74        </service>
75
76        <receiver
76-->[com.google.firebase:firebase-messaging:23.1.0] AndroidManifest.xml:31:9-38:20
77            android:name="com.google.firebase.iid.FirebaseInstanceIdReceiver"
77-->[com.google.firebase:firebase-messaging:23.1.0] AndroidManifest.xml:32:13-78
78            android:exported="true"
78-->[com.google.firebase:firebase-messaging:23.1.0] AndroidManifest.xml:33:13-36
79            android:permission="com.google.android.c2dm.permission.SEND" >
79-->[com.google.firebase:firebase-messaging:23.1.0] AndroidManifest.xml:34:13-73
80            <intent-filter>
80-->[com.google.firebase:firebase-messaging:23.1.0] AndroidManifest.xml:35:13-37:29
81                <action android:name="com.google.android.c2dm.intent.RECEIVE" />
81-->[com.google.firebase:firebase-messaging:23.1.0] AndroidManifest.xml:36:17-81
81-->[com.google.firebase:firebase-messaging:23.1.0] AndroidManifest.xml:36:25-78
82            </intent-filter>
83        </receiver>
84        <!--
85             FirebaseMessagingService performs security checks at runtime,
86             but set to not exported to explicitly avoid allowing another app to call it.
87        -->
88        <service
88-->[com.google.firebase:firebase-messaging:23.1.0] AndroidManifest.xml:44:9-51:19
89            android:name="com.google.firebase.messaging.FirebaseMessagingService"
89-->[com.google.firebase:firebase-messaging:23.1.0] AndroidManifest.xml:45:13-82
90            android:directBootAware="true"
90-->[com.google.firebase:firebase-messaging:23.1.0] AndroidManifest.xml:46:13-43
91            android:exported="false" >
91-->[com.google.firebase:firebase-messaging:23.1.0] AndroidManifest.xml:47:13-37
92            <intent-filter android:priority="-500" >
92-->src/main/AndroidManifest.xml:52:13-54:29
93                <action android:name="com.google.firebase.MESSAGING_EVENT" />
93-->src/main/AndroidManifest.xml:53:17-78
93-->src/main/AndroidManifest.xml:53:25-75
94            </intent-filter>
95        </service>
96        <service
96-->[com.google.firebase:firebase-messaging:23.1.0] AndroidManifest.xml:52:9-58:19
97            android:name="com.google.firebase.components.ComponentDiscoveryService"
97-->[com.google.firebase:firebase-messaging:23.1.0] AndroidManifest.xml:53:13-84
98            android:directBootAware="true"
98-->[com.google.firebase:firebase-common:20.3.2] AndroidManifest.xml:34:13-43
99            android:exported="false" >
99-->[com.google.firebase:firebase-messaging:23.1.0] AndroidManifest.xml:54:13-37
100            <meta-data
100-->[com.google.firebase:firebase-messaging:23.1.0] AndroidManifest.xml:55:13-57:85
101                android:name="com.google.firebase.components:com.google.firebase.messaging.FirebaseMessagingRegistrar"
101-->[com.google.firebase:firebase-messaging:23.1.0] AndroidManifest.xml:56:17-119
102                android:value="com.google.firebase.components.ComponentRegistrar" />
102-->[com.google.firebase:firebase-messaging:23.1.0] AndroidManifest.xml:57:17-82
103            <meta-data
103-->[com.google.firebase:firebase-firestore:24.6.1] AndroidManifest.xml:19:13-21:85
104                android:name="com.google.firebase.components:com.google.firebase.firestore.FirestoreRegistrar"
104-->[com.google.firebase:firebase-firestore:24.6.1] AndroidManifest.xml:20:17-111
105                android:value="com.google.firebase.components.ComponentRegistrar" />
105-->[com.google.firebase:firebase-firestore:24.6.1] AndroidManifest.xml:21:17-82
106            <meta-data
106-->[com.google.firebase:firebase-auth:22.0.0] AndroidManifest.xml:69:13-71:85
107                android:name="com.google.firebase.components:com.google.firebase.auth.FirebaseAuthRegistrar"
107-->[com.google.firebase:firebase-auth:22.0.0] AndroidManifest.xml:70:17-109
108                android:value="com.google.firebase.components.ComponentRegistrar" />
108-->[com.google.firebase:firebase-auth:22.0.0] AndroidManifest.xml:71:17-82
109            <meta-data
109-->[com.google.firebase:firebase-installations:17.1.0] AndroidManifest.xml:17:13-19:85
110                android:name="com.google.firebase.components:com.google.firebase.installations.FirebaseInstallationsRegistrar"
110-->[com.google.firebase:firebase-installations:17.1.0] AndroidManifest.xml:18:17-127
111                android:value="com.google.firebase.components.ComponentRegistrar" />
111-->[com.google.firebase:firebase-installations:17.1.0] AndroidManifest.xml:19:17-82
112            <meta-data
112-->[com.google.firebase:firebase-datatransport:18.1.7] AndroidManifest.xml:27:13-29:85
113                android:name="com.google.firebase.components:com.google.firebase.datatransport.TransportRegistrar"
113-->[com.google.firebase:firebase-datatransport:18.1.7] AndroidManifest.xml:28:17-115
114                android:value="com.google.firebase.components.ComponentRegistrar" />
114-->[com.google.firebase:firebase-datatransport:18.1.7] AndroidManifest.xml:29:17-82
115        </service>
116
117        <activity
117-->[com.google.firebase:firebase-auth:22.0.0] AndroidManifest.xml:29:9-46:20
118            android:name="com.google.firebase.auth.internal.GenericIdpActivity"
118-->[com.google.firebase:firebase-auth:22.0.0] AndroidManifest.xml:30:13-80
119            android:excludeFromRecents="true"
119-->[com.google.firebase:firebase-auth:22.0.0] AndroidManifest.xml:31:13-46
120            android:exported="true"
120-->[com.google.firebase:firebase-auth:22.0.0] AndroidManifest.xml:32:13-36
121            android:launchMode="singleTask"
121-->[com.google.firebase:firebase-auth:22.0.0] AndroidManifest.xml:33:13-44
122            android:theme="@android:style/Theme.Translucent.NoTitleBar" >
122-->[com.google.firebase:firebase-auth:22.0.0] AndroidManifest.xml:34:13-72
123            <intent-filter>
123-->[com.google.firebase:firebase-auth:22.0.0] AndroidManifest.xml:35:13-45:29
124                <action android:name="android.intent.action.VIEW" />
124-->[com.google.firebase:firebase-auth:22.0.0] AndroidManifest.xml:36:17-69
124-->[com.google.firebase:firebase-auth:22.0.0] AndroidManifest.xml:36:25-66
125
126                <category android:name="android.intent.category.DEFAULT" />
126-->[com.google.firebase:firebase-auth:22.0.0] AndroidManifest.xml:38:17-76
126-->[com.google.firebase:firebase-auth:22.0.0] AndroidManifest.xml:38:27-73
127                <category android:name="android.intent.category.BROWSABLE" />
127-->[com.google.firebase:firebase-auth:22.0.0] AndroidManifest.xml:39:17-78
127-->[com.google.firebase:firebase-auth:22.0.0] AndroidManifest.xml:39:27-75
128
129                <data
129-->[com.google.firebase:firebase-auth:22.0.0] AndroidManifest.xml:41:17-44:51
130                    android:host="firebase.auth"
130-->[com.google.firebase:firebase-auth:22.0.0] AndroidManifest.xml:42:21-49
131                    android:path="/"
131-->[com.google.firebase:firebase-auth:22.0.0] AndroidManifest.xml:43:21-37
132                    android:scheme="genericidp" />
132-->[com.google.firebase:firebase-auth:22.0.0] AndroidManifest.xml:44:21-48
133            </intent-filter>
134        </activity>
135        <activity
135-->[com.google.firebase:firebase-auth:22.0.0] AndroidManifest.xml:47:9-64:20
136            android:name="com.google.firebase.auth.internal.RecaptchaActivity"
136-->[com.google.firebase:firebase-auth:22.0.0] AndroidManifest.xml:48:13-79
137            android:excludeFromRecents="true"
137-->[com.google.firebase:firebase-auth:22.0.0] AndroidManifest.xml:49:13-46
138            android:exported="true"
138-->[com.google.firebase:firebase-auth:22.0.0] AndroidManifest.xml:50:13-36
139            android:launchMode="singleTask"
139-->[com.google.firebase:firebase-auth:22.0.0] AndroidManifest.xml:51:13-44
140            android:theme="@android:style/Theme.Translucent.NoTitleBar" >
140-->[com.google.firebase:firebase-auth:22.0.0] AndroidManifest.xml:52:13-72
141            <intent-filter>
141-->[com.google.firebase:firebase-auth:22.0.0] AndroidManifest.xml:53:13-63:29
142                <action android:name="android.intent.action.VIEW" />
142-->[com.google.firebase:firebase-auth:22.0.0] AndroidManifest.xml:36:17-69
142-->[com.google.firebase:firebase-auth:22.0.0] AndroidManifest.xml:36:25-66
143
144                <category android:name="android.intent.category.DEFAULT" />
144-->[com.google.firebase:firebase-auth:22.0.0] AndroidManifest.xml:38:17-76
144-->[com.google.firebase:firebase-auth:22.0.0] AndroidManifest.xml:38:27-73
145                <category android:name="android.intent.category.BROWSABLE" />
145-->[com.google.firebase:firebase-auth:22.0.0] AndroidManifest.xml:39:17-78
145-->[com.google.firebase:firebase-auth:22.0.0] AndroidManifest.xml:39:27-75
146
147                <data
147-->[com.google.firebase:firebase-auth:22.0.0] AndroidManifest.xml:41:17-44:51
148                    android:host="firebase.auth"
148-->[com.google.firebase:firebase-auth:22.0.0] AndroidManifest.xml:42:21-49
149                    android:path="/"
149-->[com.google.firebase:firebase-auth:22.0.0] AndroidManifest.xml:43:21-37
150                    android:scheme="recaptcha" />
150-->[com.google.firebase:firebase-auth:22.0.0] AndroidManifest.xml:44:21-48
151            </intent-filter>
152        </activity>
153        <activity
153-->[com.google.android.gms:play-services-auth:20.6.0] AndroidManifest.xml:23:9-27:75
154            android:name="com.google.android.gms.auth.api.signin.internal.SignInHubActivity"
154-->[com.google.android.gms:play-services-auth:20.6.0] AndroidManifest.xml:24:13-93
155            android:excludeFromRecents="true"
155-->[com.google.android.gms:play-services-auth:20.6.0] AndroidManifest.xml:25:13-46
156            android:exported="false"
156-->[com.google.android.gms:play-services-auth:20.6.0] AndroidManifest.xml:26:13-37
157            android:theme="@android:style/Theme.Translucent.NoTitleBar" />
157-->[com.google.android.gms:play-services-auth:20.6.0] AndroidManifest.xml:27:13-72
158        <!--
159            Service handling Google Sign-In user revocation. For apps that do not integrate with
160            Google Sign-In, this service will never be started.
161        -->
162        <service
162-->[com.google.android.gms:play-services-auth:20.6.0] AndroidManifest.xml:33:9-37:51
163            android:name="com.google.android.gms.auth.api.signin.RevocationBoundService"
163-->[com.google.android.gms:play-services-auth:20.6.0] AndroidManifest.xml:34:13-89
164            android:exported="true"
164-->[com.google.android.gms:play-services-auth:20.6.0] AndroidManifest.xml:35:13-36
165            android:permission="com.google.android.gms.auth.api.signin.permission.REVOCATION_NOTIFICATION"
165-->[com.google.android.gms:play-services-auth:20.6.0] AndroidManifest.xml:36:13-107
166            android:visibleToInstantApps="true" />
166-->[com.google.android.gms:play-services-auth:20.6.0] AndroidManifest.xml:37:13-48
167
168        <activity
168-->[com.google.android.gms:play-services-base:18.0.1] AndroidManifest.xml:20:9-22:45
169            android:name="com.google.android.gms.common.api.GoogleApiActivity"
169-->[com.google.android.gms:play-services-base:18.0.1] AndroidManifest.xml:20:19-85
170            android:exported="false"
170-->[com.google.android.gms:play-services-base:18.0.1] AndroidManifest.xml:22:19-43
171            android:theme="@android:style/Theme.Translucent.NoTitleBar" />
171-->[com.google.android.gms:play-services-base:18.0.1] AndroidManifest.xml:21:19-78
172
173        <provider
173-->[com.google.firebase:firebase-common:20.3.2] AndroidManifest.xml:25:9-30:39
174            android:name="com.google.firebase.provider.FirebaseInitProvider"
174-->[com.google.firebase:firebase-common:20.3.2] AndroidManifest.xml:26:13-77
175            android:authorities="com.example.chatapp.firebaseinitprovider"
175-->[com.google.firebase:firebase-common:20.3.2] AndroidManifest.xml:27:13-72
176            android:directBootAware="true"
176-->[com.google.firebase:firebase-common:20.3.2] AndroidManifest.xml:28:13-43
177            android:exported="false"
177-->[com.google.firebase:firebase-common:20.3.2] AndroidManifest.xml:29:13-37
178            android:initOrder="100" />
178-->[com.google.firebase:firebase-common:20.3.2] AndroidManifest.xml:30:13-36
179
180        <meta-data
180-->[com.google.android.gms:play-services-basement:18.2.0] AndroidManifest.xml:21:9-23:69
181            android:name="com.google.android.gms.version"
181-->[com.google.android.gms:play-services-basement:18.2.0] AndroidManifest.xml:22:13-58
182            android:value="@integer/google_play_services_version" />
182-->[com.google.android.gms:play-services-basement:18.2.0] AndroidManifest.xml:23:13-66
183
184        <provider
184-->[androidx.emoji2:emoji2:1.2.0] AndroidManifest.xml:24:9-32:20
185            android:name="androidx.startup.InitializationProvider"
185-->[androidx.emoji2:emoji2:1.2.0] AndroidManifest.xml:25:13-67
186            android:authorities="com.example.chatapp.androidx-startup"
186-->[androidx.emoji2:emoji2:1.2.0] AndroidManifest.xml:26:13-68
187            android:exported="false" >
187-->[androidx.emoji2:emoji2:1.2.0] AndroidManifest.xml:27:13-37
188            <meta-data
188-->[androidx.emoji2:emoji2:1.2.0] AndroidManifest.xml:29:13-31:52
189                android:name="androidx.emoji2.text.EmojiCompatInitializer"
189-->[androidx.emoji2:emoji2:1.2.0] AndroidManifest.xml:30:17-75
190                android:value="androidx.startup" />
190-->[androidx.emoji2:emoji2:1.2.0] AndroidManifest.xml:31:17-49
191            <meta-data
191-->[androidx.lifecycle:lifecycle-process:2.4.1] AndroidManifest.xml:31:13-33:52
192                android:name="androidx.lifecycle.ProcessLifecycleInitializer"
192-->[androidx.lifecycle:lifecycle-process:2.4.1] AndroidManifest.xml:32:17-78
193                android:value="androidx.startup" />
193-->[androidx.lifecycle:lifecycle-process:2.4.1] AndroidManifest.xml:33:17-49
194        </provider>
195
196        <service
196-->[com.google.android.datatransport:transport-backend-cct:3.1.8] AndroidManifest.xml:28:9-34:19
197            android:name="com.google.android.datatransport.runtime.backends.TransportBackendDiscovery"
197-->[com.google.android.datatransport:transport-backend-cct:3.1.8] AndroidManifest.xml:29:13-103
198            android:exported="false" >
198-->[com.google.android.datatransport:transport-backend-cct:3.1.8] AndroidManifest.xml:30:13-37
199            <meta-data
199-->[com.google.android.datatransport:transport-backend-cct:3.1.8] AndroidManifest.xml:31:13-33:39
200                android:name="backend:com.google.android.datatransport.cct.CctBackendFactory"
200-->[com.google.android.datatransport:transport-backend-cct:3.1.8] AndroidManifest.xml:32:17-94
201                android:value="cct" />
201-->[com.google.android.datatransport:transport-backend-cct:3.1.8] AndroidManifest.xml:33:17-36
202        </service>
203        <service
203-->[com.google.android.datatransport:transport-runtime:3.1.8] AndroidManifest.xml:26:9-30:19
204            android:name="com.google.android.datatransport.runtime.scheduling.jobscheduling.JobInfoSchedulerService"
204-->[com.google.android.datatransport:transport-runtime:3.1.8] AndroidManifest.xml:27:13-117
205            android:exported="false"
205-->[com.google.android.datatransport:transport-runtime:3.1.8] AndroidManifest.xml:28:13-37
206            android:permission="android.permission.BIND_JOB_SERVICE" >
206-->[com.google.android.datatransport:transport-runtime:3.1.8] AndroidManifest.xml:29:13-69
207        </service>
208
209        <receiver
209-->[com.google.android.datatransport:transport-runtime:3.1.8] AndroidManifest.xml:32:9-34:40
210            android:name="com.google.android.datatransport.runtime.scheduling.jobscheduling.AlarmManagerSchedulerBroadcastReceiver"
210-->[com.google.android.datatransport:transport-runtime:3.1.8] AndroidManifest.xml:33:13-132
211            android:exported="false" />
211-->[com.google.android.datatransport:transport-runtime:3.1.8] AndroidManifest.xml:34:13-37
212    </application>
213
214</manifest>